---- light / ericw-tools v0.18.1 ----
Raytracing backend: Embree
running with 16 threads
LoadBSPFile: 'DevilsLab.bsp'
BSP is version 29
--- LoadEntities ---
80 entities read, 48 are lights.
--- OptionsSummary ---
Embree_TraceInit: Embree version: 2.15.0
Embree_TraceInit:
	0 sky faces
	1931 solid faces
	0 filtered faces
	0 shadow-casting skip faces
SetupLights: 48 initial lights
SetupLights: 48 after surface lights
SetupLights: 48 after jittering
--- EstimateLightVisibility ---
0....1....2....3....4....5....6....7....8....9...
Final count: 48 lights 0 suns in use.
--- LightWorld ---
0....1....2....3....4....5....6....7....8....9....
Lighting Completed.

lightdatasize: 28436
0 switchable light styles (32 max)
Writing DevilsLab.bsp as BSP version 29
0.158 seconds elapsed

stats:
3.168626 lights tested, 1.748145 hits per sample point
0.000000 bounce lights tested, 0.000000 hits per sample point
0 empty lightmaps
